<?xml version="1.0" encoding="UTF-8"?>
<!-- Generated by org.testng.reporters.JUnitReportReporter -->
<testsuite hostname="DESKTOP-2PNQ4DL" failures="0" tests="12" name="org.example.testRunner.TestRunner" time="609.667" errors="0" timestamp="2022-06-11T03:53:18 EET" skipped="0">
  <testcase classname="org.example.testRunner.TestRunner" name="runScenario" time="65.427"/>
  <system-out/>
  <testcase classname="org.example.testRunner.TestRunner" name="runScenario" time="34.428"/>
  <system-out/>
  <testcase classname="org.example.testRunner.TestRunner" name="runScenario" time="39.559"/>
  <system-out/>
  <testcase classname="org.example.testRunner.TestRunner" name="runScenario" time="80.108"/>
  <system-out/>
  <testcase classname="org.example.testRunner.TestRunner" name="runScenario" time="73.261"/>
  <system-out/>
  <testcase classname="org.example.testRunner.TestRunner" name="runScenario" time="63.001"/>
  <system-out/>
  <testcase classname="org.example.testRunner.TestRunner" name="runScenario" time="29.279"/>
  <system-out/>
  <testcase classname="org.example.testRunner.TestRunner" name="runScenario" time="55.089"/>
  <system-out/>
  <testcase classname="org.example.testRunner.TestRunner" name="runScenario" time="34.356"/>
  <system-out/>
  <testcase classname="org.example.testRunner.TestRunner" name="runScenario" time="53.037"/>
  <system-out/>
  <testcase classname="org.example.testRunner.TestRunner" name="runScenario" time="46.929"/>
  <system-out/>
  <testcase classname="org.example.testRunner.TestRunner" name="runScenario" time="35.193"/>
  <system-out/>
</testsuite> <!-- org.example.testRunner.TestRunner -->
